2025-10-06 03:57:52,691 - INFO - Starting to process gherkin_extrated.json files
2025-10-06 03:57:52,691 - DEBUG - Processing repo: openshift verification-tests
2025-10-06 03:57:52,887 - DEBUG - Wrote sanitized scenarios for repo openshift verification-tests to few_shot/dataset/all_languages/openshift verification-tests/scenarios.json
2025-10-06 03:57:52,887 - DEBUG - Processing repo: technicalpickles jeweler
2025-10-06 03:57:52,901 - DEBUG - Wrote sanitized scenarios for repo technicalpickles jeweler to few_shot/dataset/all_languages/technicalpickles jeweler/scenarios.json
2025-10-06 03:57:52,901 - DEBUG - Processing repo: enspirit finitio.js
2025-10-06 03:57:52,909 - DEBUG - Wrote sanitized scenarios for repo enspirit finitio.js to few_shot/dataset/all_languages/enspirit finitio.js/scenarios.json
2025-10-06 03:57:52,909 - DEBUG - Processing repo: turnitin moodle-plagiarism_turnitin
2025-10-06 03:57:52,917 - DEBUG - Wrote sanitized scenarios for repo turnitin moodle-plagiarism_turnitin to few_shot/dataset/all_languages/turnitin moodle-plagiarism_turnitin/scenarios.json
2025-10-06 03:57:52,917 - DEBUG - Processing repo: GSA search-gov
2025-10-06 03:57:52,949 - DEBUG - Wrote sanitized scenarios for repo GSA search-gov to few_shot/dataset/all_languages/GSA search-gov/scenarios.json
2025-10-06 03:57:52,949 - DEBUG - Processing repo: mattheworiordan easybacklog
2025-10-06 03:57:52,973 - DEBUG - Wrote sanitized scenarios for repo mattheworiordan easybacklog to few_shot/dataset/all_languages/mattheworiordan easybacklog/scenarios.json
2025-10-06 03:57:52,973 - DEBUG - Processing repo: bfaloona Indy
2025-10-06 03:57:52,976 - DEBUG - Wrote sanitized scenarios for repo bfaloona Indy to few_shot/dataset/all_languages/bfaloona Indy/scenarios.json
2025-10-06 03:57:52,976 - DEBUG - Processing repo: RedSeal-co ts-java
2025-10-06 03:57:52,981 - DEBUG - Wrote sanitized scenarios for repo RedSeal-co ts-java to few_shot/dataset/all_languages/RedSeal-co ts-java/scenarios.json
2025-10-06 03:57:52,981 - DEBUG - Processing repo: graphql-editor graphql-editor
2025-10-06 03:57:52,985 - DEBUG - Wrote sanitized scenarios for repo graphql-editor graphql-editor to few_shot/dataset/all_languages/graphql-editor graphql-editor/scenarios.json
2025-10-06 03:57:52,985 - DEBUG - Processing repo: owncloud web
2025-10-06 03:57:53,007 - DEBUG - Wrote sanitized scenarios for repo owncloud web to few_shot/dataset/all_languages/owncloud web/scenarios.json
2025-10-06 03:57:53,007 - DEBUG - Processing repo: rspec rspec
2025-10-06 03:57:53,037 - DEBUG - Wrote sanitized scenarios for repo rspec rspec to few_shot/dataset/all_languages/rspec rspec/scenarios.json
2025-10-06 03:57:53,037 - DEBUG - Processing repo: rpm-software-management ci-dnf-stack
2025-10-06 03:57:53,223 - DEBUG - Wrote sanitized scenarios for repo rpm-software-management ci-dnf-stack to few_shot/dataset/all_languages/rpm-software-management ci-dnf-stack/scenarios.json
2025-10-06 03:57:53,223 - DEBUG - Processing repo: ironmtntech xrono
2025-10-06 03:57:53,240 - DEBUG - Wrote sanitized scenarios for repo ironmtntech xrono to few_shot/dataset/all_languages/ironmtntech xrono/scenarios.json
2025-10-06 03:57:53,240 - DEBUG - Processing repo: bugsnag bugsnag-ruby
2025-10-06 03:57:53,255 - DEBUG - Wrote sanitized scenarios for repo bugsnag bugsnag-ruby to few_shot/dataset/all_languages/bugsnag bugsnag-ruby/scenarios.json
2025-10-06 03:57:53,255 - DEBUG - Processing repo: inventorypapa free-dropshipping-automation-software
2025-10-06 03:57:53,410 - DEBUG - Wrote sanitized scenarios for repo inventorypapa free-dropshipping-automation-software to few_shot/dataset/all_languages/inventorypapa free-dropshipping-automation-software/scenarios.json
2025-10-06 03:57:53,410 - DEBUG - Processing repo: DataDog dd-trace-java
2025-10-06 03:57:53,416 - DEBUG - Wrote sanitized scenarios for repo DataDog dd-trace-java to few_shot/dataset/all_languages/DataDog dd-trace-java/scenarios.json
2025-10-06 03:57:53,416 - DEBUG - Processing repo: goalgorilla open_social
2025-10-06 03:57:53,476 - DEBUG - Wrote sanitized scenarios for repo goalgorilla open_social to few_shot/dataset/all_languages/goalgorilla open_social/scenarios.json
2025-10-06 03:57:53,476 - DEBUG - Processing repo: input-output-hk daedalus
2025-10-06 03:57:53,494 - DEBUG - Wrote sanitized scenarios for repo input-output-hk daedalus to few_shot/dataset/all_languages/input-output-hk daedalus/scenarios.json
2025-10-06 03:57:53,494 - DEBUG - Processing repo: surzycki picobox
2025-10-06 03:57:53,498 - DEBUG - Wrote sanitized scenarios for repo surzycki picobox to few_shot/dataset/all_languages/surzycki picobox/scenarios.json
2025-10-06 03:57:53,498 - DEBUG - Processing repo: totara seedlings
2025-10-06 03:57:53,608 - DEBUG - Wrote sanitized scenarios for repo totara seedlings to few_shot/dataset/all_languages/totara seedlings/scenarios.json
2025-10-06 03:57:53,608 - DEBUG - Processing repo: git-town git-town
2025-10-06 03:57:53,793 - DEBUG - Wrote sanitized scenarios for repo git-town git-town to few_shot/dataset/all_languages/git-town git-town/scenarios.json
2025-10-06 03:57:53,793 - DEBUG - Processing repo: camsys oneclick
2025-10-06 03:57:53,800 - DEBUG - Wrote sanitized scenarios for repo camsys oneclick to few_shot/dataset/all_languages/camsys oneclick/scenarios.json
2025-10-06 03:57:53,800 - DEBUG - Processing repo: rmpestano dbunit-rules
2025-10-06 03:57:53,801 - DEBUG - Wrote sanitized scenarios for repo rmpestano dbunit-rules to few_shot/dataset/all_languages/rmpestano dbunit-rules/scenarios.json
2025-10-06 03:57:53,801 - DEBUG - Processing repo: sizzlelab kassi
2025-10-06 03:57:53,824 - DEBUG - Wrote sanitized scenarios for repo sizzlelab kassi to few_shot/dataset/all_languages/sizzlelab kassi/scenarios.json
2025-10-06 03:57:53,824 - DEBUG - Processing repo: armandofox audience1st
2025-10-06 03:57:53,846 - DEBUG - Wrote sanitized scenarios for repo armandofox audience1st to few_shot/dataset/all_languages/armandofox audience1st/scenarios.json
2025-10-06 03:57:53,846 - DEBUG - Processing repo: cyberark summon
2025-10-06 03:57:53,848 - DEBUG - Wrote sanitized scenarios for repo cyberark summon to few_shot/dataset/all_languages/cyberark summon/scenarios.json
2025-10-06 03:57:53,848 - DEBUG - Processing repo: dataloop-ai dtlpy
2025-10-06 03:57:53,941 - DEBUG - Wrote sanitized scenarios for repo dataloop-ai dtlpy to few_shot/dataset/all_languages/dataloop-ai dtlpy/scenarios.json
2025-10-06 03:57:53,941 - DEBUG - Processing repo: zebmason Cornichon
2025-10-06 03:57:53,945 - DEBUG - Wrote sanitized scenarios for repo zebmason Cornichon to few_shot/dataset/all_languages/zebmason Cornichon/scenarios.json
2025-10-06 03:57:53,945 - DEBUG - Processing repo: cedev935 PrestaShop
2025-10-06 03:57:54,041 - DEBUG - Wrote sanitized scenarios for repo cedev935 PrestaShop to few_shot/dataset/all_languages/cedev935 PrestaShop/scenarios.json
2025-10-06 03:57:54,041 - DEBUG - Processing repo: SolutionGuidance psm
2025-10-06 03:57:54,052 - DEBUG - Wrote sanitized scenarios for repo SolutionGuidance psm to few_shot/dataset/all_languages/SolutionGuidance psm/scenarios.json
2025-10-06 03:57:54,052 - DEBUG - Processing repo: Catrobat Catroweb
2025-10-06 03:57:54,175 - DEBUG - Wrote sanitized scenarios for repo Catrobat Catroweb to few_shot/dataset/all_languages/Catrobat Catroweb/scenarios.json
2025-10-06 03:57:54,175 - DEBUG - Processing repo: link-it govpay
2025-10-06 03:57:54,720 - DEBUG - Wrote sanitized scenarios for repo link-it govpay to few_shot/dataset/all_languages/link-it govpay/scenarios.json
2025-10-06 03:57:54,720 - DEBUG - Processing repo: Telefonica toolium-examples
2025-10-06 03:57:54,739 - DEBUG - Wrote sanitized scenarios for repo Telefonica toolium-examples to few_shot/dataset/all_languages/Telefonica toolium-examples/scenarios.json
2025-10-06 03:57:54,739 - DEBUG - Processing repo: checkmarx-ltd cx-flow
2025-10-06 03:57:54,753 - DEBUG - Wrote sanitized scenarios for repo checkmarx-ltd cx-flow to few_shot/dataset/all_languages/checkmarx-ltd cx-flow/scenarios.json
2025-10-06 03:57:54,754 - DEBUG - Processing repo: badges badgerbadgerbadger
2025-10-06 03:57:54,755 - DEBUG - Wrote sanitized scenarios for repo badges badgerbadgerbadger to few_shot/dataset/all_languages/badges badgerbadgerbadger/scenarios.json
2025-10-06 03:57:54,755 - DEBUG - Processing repo: niccokunzmann open-web-calendar
2025-10-06 03:57:54,765 - DEBUG - Wrote sanitized scenarios for repo niccokunzmann open-web-calendar to few_shot/dataset/all_languages/niccokunzmann open-web-calendar/scenarios.json
2025-10-06 03:57:54,766 - DEBUG - Processing repo: openSUSE osc
2025-10-06 03:57:54,778 - DEBUG - Wrote sanitized scenarios for repo openSUSE osc to few_shot/dataset/all_languages/openSUSE osc/scenarios.json
2025-10-06 03:57:54,778 - DEBUG - Processing repo: Behat Behat
2025-10-06 03:57:54,808 - DEBUG - Wrote sanitized scenarios for repo Behat Behat to few_shot/dataset/all_languages/Behat Behat/scenarios.json
2025-10-06 03:57:54,808 - DEBUG - Processing repo: yp-engineering jcov
2025-10-06 03:57:54,813 - DEBUG - Wrote sanitized scenarios for repo yp-engineering jcov to few_shot/dataset/all_languages/yp-engineering jcov/scenarios.json
2025-10-06 03:57:54,813 - DEBUG - Processing repo: metasfresh metasfresh
2025-10-06 03:57:54,995 - DEBUG - Wrote sanitized scenarios for repo metasfresh metasfresh to few_shot/dataset/all_languages/metasfresh metasfresh/scenarios.json
2025-10-06 03:57:54,995 - DEBUG - Processing repo: peej tonic
2025-10-06 03:57:55,006 - DEBUG - Wrote sanitized scenarios for repo peej tonic to few_shot/dataset/all_languages/peej tonic/scenarios.json
2025-10-06 03:57:55,006 - DEBUG - Processing repo: coreshop CoreShop
2025-10-06 03:57:55,087 - DEBUG - Wrote sanitized scenarios for repo coreshop CoreShop to few_shot/dataset/all_languages/coreshop CoreShop/scenarios.json
2025-10-06 03:57:55,087 - DEBUG - Processing repo: Lakion CmsPlugin
2025-10-06 03:57:55,093 - DEBUG - Wrote sanitized scenarios for repo Lakion CmsPlugin to few_shot/dataset/all_languages/Lakion CmsPlugin/scenarios.json
2025-10-06 03:57:55,093 - DEBUG - Processing repo: ProtonMail proton-bridge
2025-10-06 03:57:55,137 - DEBUG - Wrote sanitized scenarios for repo ProtonMail proton-bridge to few_shot/dataset/all_languages/ProtonMail proton-bridge/scenarios.json
2025-10-06 03:57:55,137 - DEBUG - Processing repo: vanderbilt-redcap redcap_rsvc
2025-10-06 03:57:55,265 - DEBUG - Wrote sanitized scenarios for repo vanderbilt-redcap redcap_rsvc to few_shot/dataset/all_languages/vanderbilt-redcap redcap_rsvc/scenarios.json
2025-10-06 03:57:55,265 - DEBUG - Processing repo: IBM ibm-cos-sdk-js
2025-10-06 03:57:55,272 - DEBUG - Wrote sanitized scenarios for repo IBM ibm-cos-sdk-js to few_shot/dataset/all_languages/IBM ibm-cos-sdk-js/scenarios.json
2025-10-06 03:57:55,272 - DEBUG - Processing repo: billabear billabear
2025-10-06 03:57:55,328 - DEBUG - Wrote sanitized scenarios for repo billabear billabear to few_shot/dataset/all_languages/billabear billabear/scenarios.json
2025-10-06 03:57:55,328 - DEBUG - Processing repo: EFForg action-center-platform
2025-10-06 03:57:55,333 - DEBUG - Wrote sanitized scenarios for repo EFForg action-center-platform to few_shot/dataset/all_languages/EFForg action-center-platform/scenarios.json
2025-10-06 03:57:55,333 - DEBUG - Processing repo: enkessler cucumber_analytics
2025-10-06 03:57:55,341 - DEBUG - Wrote sanitized scenarios for repo enkessler cucumber_analytics to few_shot/dataset/all_languages/enkessler cucumber_analytics/scenarios.json
2025-10-06 03:57:55,341 - DEBUG - Processing repo: uyuni-project uyuni
2025-10-06 03:57:55,503 - DEBUG - Wrote sanitized scenarios for repo uyuni-project uyuni to few_shot/dataset/all_languages/uyuni-project uyuni/scenarios.json
2025-10-06 03:57:55,503 - DEBUG - Processing repo: Jedisjeux Jedisjeux
2025-10-06 03:57:55,533 - DEBUG - Wrote sanitized scenarios for repo Jedisjeux Jedisjeux to few_shot/dataset/all_languages/Jedisjeux Jedisjeux/scenarios.json
2025-10-06 03:57:55,533 - DEBUG - Processing repo: qgrid ng2
2025-10-06 03:57:55,552 - DEBUG - Wrote sanitized scenarios for repo qgrid ng2 to few_shot/dataset/all_languages/qgrid ng2/scenarios.json
2025-10-06 03:57:55,552 - DEBUG - Processing repo: elct9620 mruby-go
2025-10-06 03:57:55,554 - DEBUG - Wrote sanitized scenarios for repo elct9620 mruby-go to few_shot/dataset/all_languages/elct9620 mruby-go/scenarios.json
2025-10-06 03:57:55,555 - DEBUG - Processing repo: inukshuk citeproc
2025-10-06 03:57:55,628 - DEBUG - Wrote sanitized scenarios for repo inukshuk citeproc to few_shot/dataset/all_languages/inukshuk citeproc/scenarios.json
2025-10-06 03:57:55,628 - DEBUG - Processing repo: bcgov jag-lcrb-carla-public
2025-10-06 03:57:55,711 - DEBUG - Wrote sanitized scenarios for repo bcgov jag-lcrb-carla-public to few_shot/dataset/all_languages/bcgov jag-lcrb-carla-public/scenarios.json
2025-10-06 03:57:55,711 - DEBUG - Processing repo: SpecBind specbind
2025-10-06 03:57:55,718 - DEBUG - Wrote sanitized scenarios for repo SpecBind specbind to few_shot/dataset/all_languages/SpecBind specbind/scenarios.json
2025-10-06 03:57:55,718 - DEBUG - Processing repo: aws-amplify amplify-ui
2025-10-06 03:57:55,741 - DEBUG - Wrote sanitized scenarios for repo aws-amplify amplify-ui to few_shot/dataset/all_languages/aws-amplify amplify-ui/scenarios.json
2025-10-06 03:57:55,741 - DEBUG - Processing repo: oroinc platform
2025-10-06 03:57:55,810 - DEBUG - Wrote sanitized scenarios for repo oroinc platform to few_shot/dataset/all_languages/oroinc platform/scenarios.json
2025-10-06 03:57:55,810 - DEBUG - Processing repo: Vardot varbase
2025-10-06 03:57:55,837 - DEBUG - Wrote sanitized scenarios for repo Vardot varbase to few_shot/dataset/all_languages/Vardot varbase/scenarios.json
2025-10-06 03:57:55,837 - DEBUG - Processing repo: aws aws-sdk-ruby
2025-10-06 03:57:55,849 - DEBUG - Wrote sanitized scenarios for repo aws aws-sdk-ruby to few_shot/dataset/all_languages/aws aws-sdk-ruby/scenarios.json
2025-10-06 03:57:55,850 - DEBUG - Processing repo: noosfero noosfero
2025-10-06 03:57:55,900 - DEBUG - Wrote sanitized scenarios for repo noosfero noosfero to few_shot/dataset/all_languages/noosfero noosfero/scenarios.json
2025-10-06 03:57:55,900 - DEBUG - Processing repo: owncloud ocis
2025-10-06 03:57:56,203 - DEBUG - Wrote sanitized scenarios for repo owncloud ocis to few_shot/dataset/all_languages/owncloud ocis/scenarios.json
2025-10-06 03:57:56,203 - DEBUG - Processing repo: FalkorDB FalkorDB
2025-10-06 03:57:56,317 - DEBUG - Wrote sanitized scenarios for repo FalkorDB FalkorDB to few_shot/dataset/all_languages/FalkorDB FalkorDB/scenarios.json
2025-10-06 03:57:56,317 - DEBUG - Processing repo: openshift console
2025-10-06 03:57:56,406 - DEBUG - Wrote sanitized scenarios for repo openshift console to few_shot/dataset/all_languages/openshift console/scenarios.json
2025-10-06 03:57:56,406 - DEBUG - Processing repo: resthub springmvc-router
2025-10-06 03:57:56,411 - DEBUG - Wrote sanitized scenarios for repo resthub springmvc-router to few_shot/dataset/all_languages/resthub springmvc-router/scenarios.json
2025-10-06 03:57:56,411 - DEBUG - Processing repo: keygen-sh keygen-api
2025-10-06 03:57:57,288 - DEBUG - Wrote sanitized scenarios for repo keygen-sh keygen-api to few_shot/dataset/all_languages/keygen-sh keygen-api/scenarios.json
2025-10-06 03:57:57,288 - DEBUG - Processing repo: behave behave
2025-10-06 03:57:57,382 - DEBUG - Wrote sanitized scenarios for repo behave behave to few_shot/dataset/all_languages/behave behave/scenarios.json
2025-10-06 03:57:57,382 - DEBUG - Processing repo: TheKiddos faith
2025-10-06 03:57:57,386 - DEBUG - Wrote sanitized scenarios for repo TheKiddos faith to few_shot/dataset/all_languages/TheKiddos faith/scenarios.json
2025-10-06 03:57:57,386 - DEBUG - Processing repo: wp-cli doctor-command
2025-10-06 03:57:57,392 - DEBUG - Wrote sanitized scenarios for repo wp-cli doctor-command to few_shot/dataset/all_languages/wp-cli doctor-command/scenarios.json
2025-10-06 03:57:57,392 - DEBUG - Processing repo: 3scale porta
2025-10-06 03:57:57,469 - DEBUG - Wrote sanitized scenarios for repo 3scale porta to few_shot/dataset/all_languages/3scale porta/scenarios.json
2025-10-06 03:57:57,469 - DEBUG - Processing repo: trema pio
2025-10-06 03:57:57,480 - DEBUG - Wrote sanitized scenarios for repo trema pio to few_shot/dataset/all_languages/trema pio/scenarios.json
2025-10-06 03:57:57,480 - DEBUG - Processing repo: enkessler cuke_linter
2025-10-06 03:57:57,485 - DEBUG - Wrote sanitized scenarios for repo enkessler cuke_linter to few_shot/dataset/all_languages/enkessler cuke_linter/scenarios.json
2025-10-06 03:57:57,485 - DEBUG - Processing repo: cucumber cucumber-ruby
2025-10-06 03:57:57,504 - DEBUG - Wrote sanitized scenarios for repo cucumber cucumber-ruby to few_shot/dataset/all_languages/cucumber cucumber-ruby/scenarios.json
2025-10-06 03:57:57,504 - DEBUG - Processing repo: DFE-Digital schools-experience
2025-10-06 03:57:57,528 - DEBUG - Wrote sanitized scenarios for repo DFE-Digital schools-experience to few_shot/dataset/all_languages/DFE-Digital schools-experience/scenarios.json
2025-10-06 03:57:57,528 - DEBUG - Processing repo: gigascience gigadb-website
2025-10-06 03:57:57,567 - DEBUG - Wrote sanitized scenarios for repo gigascience gigadb-website to few_shot/dataset/all_languages/gigascience gigadb-website/scenarios.json
2025-10-06 03:57:57,567 - DEBUG - Processing repo: jdi-testing jdi-light
2025-10-06 03:57:57,578 - DEBUG - Wrote sanitized scenarios for repo jdi-testing jdi-light to few_shot/dataset/all_languages/jdi-testing jdi-light/scenarios.json
2025-10-06 03:57:57,578 - DEBUG - Processing repo: parti-renaissance espace-adherent
2025-10-06 03:57:57,634 - DEBUG - Wrote sanitized scenarios for repo parti-renaissance espace-adherent to few_shot/dataset/all_languages/parti-renaissance espace-adherent/scenarios.json
2025-10-06 03:57:57,634 - DEBUG - Processing repo: leshill mongodoc
2025-10-06 03:57:57,640 - DEBUG - Wrote sanitized scenarios for repo leshill mongodoc to few_shot/dataset/all_languages/leshill mongodoc/scenarios.json
2025-10-06 03:57:57,640 - DEBUG - Processing repo: visallo vertexium
2025-10-06 03:57:57,700 - DEBUG - Wrote sanitized scenarios for repo visallo vertexium to few_shot/dataset/all_languages/visallo vertexium/scenarios.json
2025-10-06 03:57:57,700 - DEBUG - Processing repo: open-sdg open-sdg
2025-10-06 03:57:57,709 - DEBUG - Wrote sanitized scenarios for repo open-sdg open-sdg to few_shot/dataset/all_languages/open-sdg open-sdg/scenarios.json
2025-10-06 03:57:57,709 - DEBUG - Processing repo: irontec ivozprovider
2025-10-06 03:57:57,820 - DEBUG - Wrote sanitized scenarios for repo irontec ivozprovider to few_shot/dataset/all_languages/irontec ivozprovider/scenarios.json
2025-10-06 03:57:57,820 - DEBUG - Processing repo: cyberark conjur
2025-10-06 03:57:57,881 - DEBUG - Wrote sanitized scenarios for repo cyberark conjur to few_shot/dataset/all_languages/cyberark conjur/scenarios.json
2025-10-06 03:57:57,881 - DEBUG - Processing repo: scrum-for-developers worblehat-youtube
2025-10-06 03:57:57,884 - DEBUG - Wrote sanitized scenarios for repo scrum-for-developers worblehat-youtube to few_shot/dataset/all_languages/scrum-for-developers worblehat-youtube/scenarios.json
2025-10-06 03:57:57,884 - DEBUG - Processing repo: otwcode otwarchive
2025-10-06 03:57:58,141 - DEBUG - Wrote sanitized scenarios for repo otwcode otwarchive to few_shot/dataset/all_languages/otwcode otwarchive/scenarios.json
2025-10-06 03:57:58,141 - DEBUG - Processing repo: chinhnguyen clean-starter
2025-10-06 03:57:58,151 - DEBUG - Wrote sanitized scenarios for repo chinhnguyen clean-starter to few_shot/dataset/all_languages/chinhnguyen clean-starter/scenarios.json
2025-10-06 03:57:58,151 - DEBUG - Processing repo: racodond sonar-gherkin-plugin
2025-10-06 03:57:58,173 - DEBUG - Wrote sanitized scenarios for repo racodond sonar-gherkin-plugin to few_shot/dataset/all_languages/racodond sonar-gherkin-plugin/scenarios.json
2025-10-06 03:57:58,173 - DEBUG - Processing repo: opinionated-digital-center pyadr
2025-10-06 03:57:58,180 - DEBUG - Wrote sanitized scenarios for repo opinionated-digital-center pyadr to few_shot/dataset/all_languages/opinionated-digital-center pyadr/scenarios.json
2025-10-06 03:57:58,180 - DEBUG - Processing repo: theodi open-data-certificate
2025-10-06 03:57:58,193 - DEBUG - Wrote sanitized scenarios for repo theodi open-data-certificate to few_shot/dataset/all_languages/theodi open-data-certificate/scenarios.json
2025-10-06 03:57:58,193 - DEBUG - Processing repo: 7ep demo
2025-10-06 03:57:58,195 - DEBUG - Wrote sanitized scenarios for repo 7ep demo to few_shot/dataset/all_languages/7ep demo/scenarios.json
2025-10-06 03:57:58,195 - DEBUG - Processing repo: test-zeus-ai testzeus-hercules
2025-10-06 03:57:58,198 - DEBUG - Wrote sanitized scenarios for repo test-zeus-ai testzeus-hercules to few_shot/dataset/all_languages/test-zeus-ai testzeus-hercules/scenarios.json
2025-10-06 03:57:58,198 - DEBUG - Processing repo: avdgaag typogruby
2025-10-06 03:57:58,199 - DEBUG - Wrote sanitized scenarios for repo avdgaag typogruby to few_shot/dataset/all_languages/avdgaag typogruby/scenarios.json
2025-10-06 03:57:58,199 - DEBUG - Processing repo: owncloud core
2025-10-06 03:57:58,654 - DEBUG - Wrote sanitized scenarios for repo owncloud core to few_shot/dataset/all_languages/owncloud core/scenarios.json
2025-10-06 03:57:58,654 - DEBUG - Processing repo: KRMAssociatesInc eHMP
2025-10-06 03:57:58,835 - DEBUG - Wrote sanitized scenarios for repo KRMAssociatesInc eHMP to few_shot/dataset/all_languages/KRMAssociatesInc eHMP/scenarios.json
2025-10-06 03:57:58,835 - DEBUG - Processing repo: wp-cli wp-cli
2025-10-06 03:57:58,869 - DEBUG - Wrote sanitized scenarios for repo wp-cli wp-cli to few_shot/dataset/all_languages/wp-cli wp-cli/scenarios.json
2025-10-06 03:57:58,869 - DEBUG - Processing repo: Sylius Sylius
2025-10-06 03:57:59,091 - DEBUG - Wrote sanitized scenarios for repo Sylius Sylius to few_shot/dataset/all_languages/Sylius Sylius/scenarios.json
2025-10-06 03:57:59,091 - DEBUG - Processing repo: opencloud-eu opencloud
2025-10-06 03:57:59,374 - DEBUG - Wrote sanitized scenarios for repo opencloud-eu opencloud to few_shot/dataset/all_languages/opencloud-eu opencloud/scenarios.json
2025-10-06 03:57:59,374 - DEBUG - Processing repo: opensalt opensalt
2025-10-06 03:57:59,400 - DEBUG - Wrote sanitized scenarios for repo opensalt opensalt to few_shot/dataset/all_languages/opensalt opensalt/scenarios.json
2025-10-06 03:57:59,401 - DEBUG - Processing repo: peteri Ansi-Cat
2025-10-06 03:57:59,403 - DEBUG - Wrote sanitized scenarios for repo peteri Ansi-Cat to few_shot/dataset/all_languages/peteri Ansi-Cat/scenarios.json
2025-10-06 03:57:59,403 - DEBUG - Processing repo: martinpiper BDD6502
2025-10-06 03:57:59,451 - DEBUG - Wrote sanitized scenarios for repo martinpiper BDD6502 to few_shot/dataset/all_languages/martinpiper BDD6502/scenarios.json
2025-10-06 03:57:59,451 - DEBUG - Processing repo: awesomefoundation awesomebits
2025-10-06 03:57:59,457 - DEBUG - Wrote sanitized scenarios for repo awesomefoundation awesomebits to few_shot/dataset/all_languages/awesomefoundation awesomebits/scenarios.json
2025-10-06 03:57:59,457 - DEBUG - Processing repo: Coevery Coevery
2025-10-06 03:57:59,488 - DEBUG - Wrote sanitized scenarios for repo Coevery Coevery to few_shot/dataset/all_languages/Coevery Coevery/scenarios.json
2025-10-06 03:57:59,488 - DEBUG - Processing repo: moodlehq moodleapp
2025-10-06 03:57:59,592 - DEBUG - Wrote sanitized scenarios for repo moodlehq moodleapp to few_shot/dataset/all_languages/moodlehq moodleapp/scenarios.json
2025-10-06 03:57:59,592 - DEBUG - Processing repo: superfluid-org superfluid-explorer
2025-10-06 03:57:59,598 - DEBUG - Wrote sanitized scenarios for repo superfluid-org superfluid-explorer to few_shot/dataset/all_languages/superfluid-org superfluid-explorer/scenarios.json
2025-10-06 03:57:59,598 - DEBUG - Processing repo: vegaprotocol vega
2025-10-06 03:57:59,963 - DEBUG - Wrote sanitized scenarios for repo vegaprotocol vega to few_shot/dataset/all_languages/vegaprotocol vega/scenarios.json
2025-10-06 03:57:59,963 - DEBUG - Processing repo: afup web
2025-10-06 03:58:00,000 - DEBUG - Wrote sanitized scenarios for repo afup web to few_shot/dataset/all_languages/afup web/scenarios.json
2025-10-06 03:58:00,000 - DEBUG - Processing repo: rosshamish catanlog
2025-10-06 03:58:00,002 - DEBUG - Wrote sanitized scenarios for repo rosshamish catanlog to few_shot/dataset/all_languages/rosshamish catanlog/scenarios.json
2025-10-06 03:58:00,002 - DEBUG - Processing repo: dediagency sylius-seo-plugin
2025-10-06 03:58:00,004 - DEBUG - Wrote sanitized scenarios for repo dediagency sylius-seo-plugin to few_shot/dataset/all_languages/dediagency sylius-seo-plugin/scenarios.json
2025-10-06 03:58:00,004 - DEBUG - Processing repo: johnmendonca sinatra-doorman
2025-10-06 03:58:00,006 - DEBUG - Wrote sanitized scenarios for repo johnmendonca sinatra-doorman to few_shot/dataset/all_languages/johnmendonca sinatra-doorman/scenarios.json
2025-10-06 03:58:00,006 - DEBUG - Processing repo: pzavolinsky ts-unused-exports
2025-10-06 03:58:00,015 - DEBUG - Wrote sanitized scenarios for repo pzavolinsky ts-unused-exports to few_shot/dataset/all_languages/pzavolinsky ts-unused-exports/scenarios.json
2025-10-06 03:58:00,015 - DEBUG - Processing repo: Eveneum Eveneum
2025-10-06 03:58:00,034 - DEBUG - Wrote sanitized scenarios for repo Eveneum Eveneum to few_shot/dataset/all_languages/Eveneum Eveneum/scenarios.json
2025-10-06 03:58:00,034 - DEBUG - Processing repo: DarkmiraTour community-event-manager
2025-10-06 03:58:00,040 - DEBUG - Wrote sanitized scenarios for repo DarkmiraTour community-event-manager to few_shot/dataset/all_languages/DarkmiraTour community-event-manager/scenarios.json
2025-10-06 03:58:00,040 - DEBUG - Processing repo: cross-solution YAWIK
2025-10-06 03:58:00,044 - DEBUG - Wrote sanitized scenarios for repo cross-solution YAWIK to few_shot/dataset/all_languages/cross-solution YAWIK/scenarios.json
2025-10-06 03:58:00,044 - DEBUG - Processing repo: open-lms-open-source moodle-theme_snap
2025-10-06 03:58:00,106 - DEBUG - Wrote sanitized scenarios for repo open-lms-open-source moodle-theme_snap to few_shot/dataset/all_languages/open-lms-open-source moodle-theme_snap/scenarios.json
2025-10-06 03:58:00,106 - DEBUG - Processing repo: 12meses12katas Agosto-Minesweeper
2025-10-06 03:58:00,107 - DEBUG - Wrote sanitized scenarios for repo 12meses12katas Agosto-Minesweeper to few_shot/dataset/all_languages/12meses12katas Agosto-Minesweeper/scenarios.json
2025-10-06 03:58:00,107 - DEBUG - Processing repo: akeneo pim-community-dev
2025-10-06 03:58:00,199 - DEBUG - Wrote sanitized scenarios for repo akeneo pim-community-dev to few_shot/dataset/all_languages/akeneo pim-community-dev/scenarios.json
2025-10-06 03:58:00,199 - DEBUG - Processing repo: nasa cmr-opensearch
2025-10-06 03:58:00,212 - DEBUG - Wrote sanitized scenarios for repo nasa cmr-opensearch to few_shot/dataset/all_languages/nasa cmr-opensearch/scenarios.json
2025-10-06 03:58:00,212 - DEBUG - Processing repo: sroze companienv
2025-10-06 03:58:00,214 - DEBUG - Wrote sanitized scenarios for repo sroze companienv to few_shot/dataset/all_languages/sroze companienv/scenarios.json
2025-10-06 03:58:00,214 - DEBUG - Processing repo: corvus-dotnet Corvus.JsonSchema
2025-10-06 03:58:00,530 - DEBUG - Wrote sanitized scenarios for repo corvus-dotnet Corvus.JsonSchema to few_shot/dataset/all_languages/corvus-dotnet Corvus.JsonSchema/scenarios.json
2025-10-06 03:58:00,530 - DEBUG - Processing repo: rahulrathore44 KarateFrameworkTutorial
2025-10-06 03:58:00,549 - DEBUG - Wrote sanitized scenarios for repo rahulrathore44 KarateFrameworkTutorial to few_shot/dataset/all_languages/rahulrathore44 KarateFrameworkTutorial/scenarios.json
2025-10-06 03:58:00,549 - DEBUG - Processing repo: Vanguard-oss behave-asl
2025-10-06 03:58:00,574 - DEBUG - Wrote sanitized scenarios for repo Vanguard-oss behave-asl to few_shot/dataset/all_languages/Vanguard-oss behave-asl/scenarios.json
2025-10-06 03:58:00,574 - DEBUG - Processing repo: stepmania stepmania-site
2025-10-06 03:58:00,582 - DEBUG - Wrote sanitized scenarios for repo stepmania stepmania-site to few_shot/dataset/all_languages/stepmania stepmania-site/scenarios.json
2025-10-06 03:58:00,582 - DEBUG - Processing repo: oroinc orocommerce
2025-10-06 03:58:01,079 - DEBUG - Wrote sanitized scenarios for repo oroinc orocommerce to few_shot/dataset/all_languages/oroinc orocommerce/scenarios.json
2025-10-06 03:58:01,079 - DEBUG - Processing repo: scality Zenko
2025-10-06 03:58:01,154 - DEBUG - Wrote sanitized scenarios for repo scality Zenko to few_shot/dataset/all_languages/scality Zenko/scenarios.json
2025-10-06 03:58:01,155 - DEBUG - Processing repo: apache tinkerpop
2025-10-06 03:58:01,257 - DEBUG - Wrote sanitized scenarios for repo apache tinkerpop to few_shot/dataset/all_languages/apache tinkerpop/scenarios.json
2025-10-06 03:58:01,257 - DEBUG - Processing repo: pantheon-systems terminus
2025-10-06 03:58:01,262 - DEBUG - Wrote sanitized scenarios for repo pantheon-systems terminus to few_shot/dataset/all_languages/pantheon-systems terminus/scenarios.json
2025-10-06 03:58:01,262 - DEBUG - Processing repo: Xe when-then-zen
2025-10-06 03:58:01,265 - DEBUG - Wrote sanitized scenarios for repo Xe when-then-zen to few_shot/dataset/all_languages/Xe when-then-zen/scenarios.json
2025-10-06 03:58:01,265 - DEBUG - Processing repo: partcad partcad
2025-10-06 03:58:01,285 - DEBUG - Wrote sanitized scenarios for repo partcad partcad to few_shot/dataset/all_languages/partcad partcad/scenarios.json
2025-10-06 03:58:01,285 - DEBUG - Processing repo: Samfundet Samfundet
2025-10-06 03:58:01,290 - DEBUG - Wrote sanitized scenarios for repo Samfundet Samfundet to few_shot/dataset/all_languages/Samfundet Samfundet/scenarios.json
2025-10-06 03:58:01,290 - DEBUG - Processing repo: continuouspipe continuouspipe
2025-10-06 03:58:01,351 - DEBUG - Wrote sanitized scenarios for repo continuouspipe continuouspipe to few_shot/dataset/all_languages/continuouspipe continuouspipe/scenarios.json
2025-10-06 03:58:01,351 - DEBUG - Processing repo: padawan-php padawan.php
2025-10-06 03:58:01,355 - DEBUG - Wrote sanitized scenarios for repo padawan-php padawan.php to few_shot/dataset/all_languages/padawan-php padawan.php/scenarios.json
2025-10-06 03:58:01,355 - DEBUG - Processing repo: AgileVentures WebsiteOne
2025-10-06 03:58:01,375 - DEBUG - Wrote sanitized scenarios for repo AgileVentures WebsiteOne to few_shot/dataset/all_languages/AgileVentures WebsiteOne/scenarios.json
2025-10-06 03:58:01,375 - DEBUG - Processing repo: actiontech dble-test-suite
2025-10-06 03:58:01,771 - DEBUG - Wrote sanitized scenarios for repo actiontech dble-test-suite to few_shot/dataset/all_languages/actiontech dble-test-suite/scenarios.json
2025-10-06 03:58:01,771 - DEBUG - Processing repo: tkotosz BehatMagento2Extension
2025-10-06 03:58:01,791 - DEBUG - Wrote sanitized scenarios for repo tkotosz BehatMagento2Extension to few_shot/dataset/all_languages/tkotosz BehatMagento2Extension/scenarios.json
2025-10-06 03:58:01,791 - DEBUG - Processing repo: mattwynne robot_tournament
2025-10-06 03:58:01,796 - DEBUG - Wrote sanitized scenarios for repo mattwynne robot_tournament to few_shot/dataset/all_languages/mattwynne robot_tournament/scenarios.json
2025-10-06 03:58:01,796 - DEBUG - Processing repo: eduardcloud aws-ebs-moodle
2025-10-06 03:58:02,159 - DEBUG - Wrote sanitized scenarios for repo eduardcloud aws-ebs-moodle to few_shot/dataset/all_languages/eduardcloud aws-ebs-moodle/scenarios.json
2025-10-06 03:58:02,159 - INFO - Starting to process glue_code_extrated.json files
2025-10-06 03:58:02,159 - DEBUG - Processing repo: openshift verification-tests
2025-10-06 03:58:02,175 - DEBUG - Wrote sanitized step_definitions for repo openshift verification-tests to few_shot/dataset/all_languages/openshift verification-tests/step_definitions.json
2025-10-06 03:58:02,175 - DEBUG - Processing repo: technicalpickles jeweler
2025-10-06 03:58:02,177 - DEBUG - Wrote sanitized step_definitions for repo technicalpickles jeweler to few_shot/dataset/all_languages/technicalpickles jeweler/step_definitions.json
2025-10-06 03:58:02,177 - DEBUG - Processing repo: enspirit finitio.js
2025-10-06 03:58:02,178 - DEBUG - Wrote sanitized step_definitions for repo enspirit finitio.js to few_shot/dataset/all_languages/enspirit finitio.js/step_definitions.json
2025-10-06 03:58:02,178 - DEBUG - Processing repo: turnitin moodle-plagiarism_turnitin
2025-10-06 03:58:02,178 - ERROR - No step_definitions found in raw_data_6_11/per_repository/turnitin moodle-plagiarism_turnitin/step_definitions.json
2025-10-06 03:58:02,178 - DEBUG - Processing repo: GSA search-gov
2025-10-06 03:58:02,178 - ERROR - No step_definitions found in raw_data_6_11/per_repository/GSA search-gov/step_definitions.json
2025-10-06 03:58:02,178 - DEBUG - Processing repo: mattheworiordan easybacklog
2025-10-06 03:58:02,181 - DEBUG - Wrote sanitized step_definitions for repo mattheworiordan easybacklog to few_shot/dataset/all_languages/mattheworiordan easybacklog/step_definitions.json
2025-10-06 03:58:02,181 - DEBUG - Processing repo: bfaloona Indy
2025-10-06 03:58:02,182 - DEBUG - Wrote sanitized step_definitions for repo bfaloona Indy to few_shot/dataset/all_languages/bfaloona Indy/step_definitions.json
2025-10-06 03:58:02,182 - DEBUG - Processing repo: RedSeal-co ts-java
2025-10-06 03:58:02,182 - ERROR - No step_definitions found in raw_data_6_11/per_repository/RedSeal-co ts-java/step_definitions.json
2025-10-06 03:58:02,182 - DEBUG - Processing repo: graphql-editor graphql-editor
2025-10-06 03:58:02,182 - ERROR - No step_definitions found in raw_data_6_11/per_repository/graphql-editor graphql-editor/step_definitions.json
2025-10-06 03:58:02,182 - DEBUG - Processing repo: owncloud web
2025-10-06 03:58:02,182 - ERROR - No step_definitions found in raw_data_6_11/per_repository/owncloud web/step_definitions.json
2025-10-06 03:58:02,182 - DEBUG - Processing repo: rspec rspec
2025-10-06 03:58:02,183 - DEBUG - Wrote sanitized step_definitions for repo rspec rspec to few_shot/dataset/all_languages/rspec rspec/step_definitions.json
2025-10-06 03:58:02,183 - DEBUG - Processing repo: rpm-software-management ci-dnf-stack
2025-10-06 03:58:02,183 - ERROR - No step_definitions found in raw_data_6_11/per_repository/rpm-software-management ci-dnf-stack/step_definitions.json
2025-10-06 03:58:02,183 - DEBUG - Processing repo: ironmtntech xrono
2025-10-06 03:58:02,186 - DEBUG - Wrote sanitized step_definitions for repo ironmtntech xrono to few_shot/dataset/all_languages/ironmtntech xrono/step_definitions.json
2025-10-06 03:58:02,186 - DEBUG - Processing repo: bugsnag bugsnag-ruby
2025-10-06 03:58:02,187 - DEBUG - Wrote sanitized step_definitions for repo bugsnag bugsnag-ruby to few_shot/dataset/all_languages/bugsnag bugsnag-ruby/step_definitions.json
2025-10-06 03:58:02,187 - DEBUG - Processing repo: inventorypapa free-dropshipping-automation-software
2025-10-06 03:58:02,187 - ERROR - No step_definitions found in raw_data_6_11/per_repository/inventorypapa free-dropshipping-automation-software/step_definitions.json
2025-10-06 03:58:02,187 - DEBUG - Processing repo: DataDog dd-trace-java
2025-10-06 03:58:02,187 - ERROR - No step_definitions found in raw_data_6_11/per_repository/DataDog dd-trace-java/step_definitions.json
2025-10-06 03:58:02,187 - DEBUG - Processing repo: goalgorilla open_social
2025-10-06 03:58:02,187 - ERROR - No step_definitions found in raw_data_6_11/per_repository/goalgorilla open_social/step_definitions.json
2025-10-06 03:58:02,187 - DEBUG - Processing repo: input-output-hk daedalus
2025-10-06 03:58:02,188 - ERROR - No step_definitions found in raw_data_6_11/per_repository/input-output-hk daedalus/step_definitions.json
2025-10-06 03:58:02,188 - DEBUG - Processing repo: surzycki picobox
2025-10-06 03:58:02,188 - ERROR - No step_definitions found in raw_data_6_11/per_repository/surzycki picobox/step_definitions.json
2025-10-06 03:58:02,188 - DEBUG - Processing repo: totara seedlings
2025-10-06 03:58:02,188 - ERROR - No step_definitions found in raw_data_6_11/per_repository/totara seedlings/step_definitions.json
2025-10-06 03:58:02,188 - DEBUG - Processing repo: git-town git-town
2025-10-06 03:58:02,188 - ERROR - No step_definitions found in raw_data_6_11/per_repository/git-town git-town/step_definitions.json
2025-10-06 03:58:02,188 - DEBUG - Processing repo: camsys oneclick
2025-10-06 03:58:02,188 - ERROR - No step_definitions found in raw_data_6_11/per_repository/camsys oneclick/step_definitions.json
2025-10-06 03:58:02,188 - DEBUG - Processing repo: rmpestano dbunit-rules
2025-10-06 03:58:02,189 - DEBUG - Wrote sanitized step_definitions for repo rmpestano dbunit-rules to few_shot/dataset/all_languages/rmpestano dbunit-rules/step_definitions.json
2025-10-06 03:58:02,189 - DEBUG - Processing repo: sizzlelab kassi
2025-10-06 03:58:02,189 - ERROR - No step_definitions found in raw_data_6_11/per_repository/sizzlelab kassi/step_definitions.json
2025-10-06 03:58:02,189 - DEBUG - Processing repo: armandofox audience1st
2025-10-06 03:58:02,189 - ERROR - No step_definitions found in raw_data_6_11/per_repository/armandofox audience1st/step_definitions.json
2025-10-06 03:58:02,189 - DEBUG - Processing repo: cyberark summon
2025-10-06 03:58:02,189 - DEBUG - Wrote sanitized step_definitions for repo cyberark summon to few_shot/dataset/all_languages/cyberark summon/step_definitions.json
2025-10-06 03:58:02,189 - DEBUG - Processing repo: dataloop-ai dtlpy
2025-10-06 03:58:02,189 - ERROR - No step_definitions found in raw_data_6_11/per_repository/dataloop-ai dtlpy/step_definitions.json
2025-10-06 03:58:02,189 - DEBUG - Processing repo: zebmason Cornichon
2025-10-06 03:58:02,189 - ERROR - No step_definitions found in raw_data_6_11/per_repository/zebmason Cornichon/step_definitions.json
2025-10-06 03:58:02,189 - DEBUG - Processing repo: cedev935 PrestaShop
2025-10-06 03:58:02,189 - ERROR - No step_definitions found in raw_data_6_11/per_repository/cedev935 PrestaShop/step_definitions.json
2025-10-06 03:58:02,189 - DEBUG - Processing repo: SolutionGuidance psm
2025-10-06 03:58:02,189 - ERROR - No step_definitions found in raw_data_6_11/per_repository/SolutionGuidance psm/step_definitions.json
2025-10-06 03:58:02,189 - DEBUG - Processing repo: Catrobat Catroweb
2025-10-06 03:58:02,189 - ERROR - No step_definitions found in raw_data_6_11/per_repository/Catrobat Catroweb/step_definitions.json
2025-10-06 03:58:02,189 - DEBUG - Processing repo: link-it govpay
2025-10-06 03:58:02,190 - ERROR - No step_definitions found in raw_data_6_11/per_repository/link-it govpay/step_definitions.json
2025-10-06 03:58:02,190 - DEBUG - Processing repo: Telefonica toolium-examples
2025-10-06 03:58:02,190 - ERROR - No step_definitions found in raw_data_6_11/per_repository/Telefonica toolium-examples/step_definitions.json
2025-10-06 03:58:02,190 - DEBUG - Processing repo: checkmarx-ltd cx-flow
2025-10-06 03:58:02,190 - ERROR - No step_definitions found in raw_data_6_11/per_repository/checkmarx-ltd cx-flow/step_definitions.json
2025-10-06 03:58:02,190 - DEBUG - Processing repo: badges badgerbadgerbadger
2025-10-06 03:58:02,190 - ERROR - No step_definitions found in raw_data_6_11/per_repository/badges badgerbadgerbadger/step_definitions.json
2025-10-06 03:58:02,190 - DEBUG - Processing repo: niccokunzmann open-web-calendar
2025-10-06 03:58:02,191 - DEBUG - Wrote sanitized step_definitions for repo niccokunzmann open-web-calendar to few_shot/dataset/all_languages/niccokunzmann open-web-calendar/step_definitions.json
2025-10-06 03:58:02,191 - DEBUG - Processing repo: openSUSE osc
2025-10-06 03:58:02,191 - ERROR - No step_definitions found in raw_data_6_11/per_repository/openSUSE osc/step_definitions.json
2025-10-06 03:58:02,191 - DEBUG - Processing repo: Behat Behat
2025-10-06 03:58:02,191 - ERROR - No step_definitions found in raw_data_6_11/per_repository/Behat Behat/step_definitions.json
2025-10-06 03:58:02,191 - DEBUG - Processing repo: yp-engineering jcov
2025-10-06 03:58:02,191 - DEBUG - Wrote sanitized step_definitions for repo yp-engineering jcov to few_shot/dataset/all_languages/yp-engineering jcov/step_definitions.json
2025-10-06 03:58:02,192 - DEBUG - Processing repo: metasfresh metasfresh
2025-10-06 03:58:02,192 - ERROR - No step_definitions found in raw_data_6_11/per_repository/metasfresh metasfresh/step_definitions.json
2025-10-06 03:58:02,192 - DEBUG - Processing repo: peej tonic
2025-10-06 03:58:02,192 - ERROR - No step_definitions found in raw_data_6_11/per_repository/peej tonic/step_definitions.json
2025-10-06 03:58:02,192 - DEBUG - Processing repo: coreshop CoreShop
2025-10-06 03:58:02,192 - ERROR - No step_definitions found in raw_data_6_11/per_repository/coreshop CoreShop/step_definitions.json
2025-10-06 03:58:02,192 - DEBUG - Processing repo: Lakion CmsPlugin
2025-10-06 03:58:02,192 - ERROR - No step_definitions found in raw_data_6_11/per_repository/Lakion CmsPlugin/step_definitions.json
2025-10-06 03:58:02,192 - DEBUG - Processing repo: ProtonMail proton-bridge
2025-10-06 03:58:02,192 - ERROR - No step_definitions found in raw_data_6_11/per_repository/ProtonMail proton-bridge/step_definitions.json
2025-10-06 03:58:02,192 - DEBUG - Processing repo: vanderbilt-redcap redcap_rsvc
2025-10-06 03:58:02,192 - ERROR - No step_definitions found in raw_data_6_11/per_repository/vanderbilt-redcap redcap_rsvc/step_definitions.json
2025-10-06 03:58:02,192 - DEBUG - Processing repo: IBM ibm-cos-sdk-js
2025-10-06 03:58:02,194 - DEBUG - Wrote sanitized step_definitions for repo IBM ibm-cos-sdk-js to few_shot/dataset/all_languages/IBM ibm-cos-sdk-js/step_definitions.json
2025-10-06 03:58:02,194 - DEBUG - Processing repo: billabear billabear
2025-10-06 03:58:02,194 - ERROR - No step_definitions found in raw_data_6_11/per_repository/billabear billabear/step_definitions.json
2025-10-06 03:58:02,194 - DEBUG - Processing repo: EFForg action-center-platform
2025-10-06 03:58:02,194 - ERROR - No step_definitions found in raw_data_6_11/per_repository/EFForg action-center-platform/step_definitions.json
2025-10-06 03:58:02,194 - DEBUG - Processing repo: enkessler cucumber_analytics
2025-10-06 03:58:02,195 - ERROR - No step_definitions found in raw_data_6_11/per_repository/enkessler cucumber_analytics/step_definitions.json
2025-10-06 03:58:02,195 - DEBUG - Processing repo: uyuni-project uyuni
2025-10-06 03:58:02,195 - ERROR - No step_definitions found in raw_data_6_11/per_repository/uyuni-project uyuni/step_definitions.json
2025-10-06 03:58:02,195 - DEBUG - Processing repo: Jedisjeux Jedisjeux
2025-10-06 03:58:02,195 - ERROR - No step_definitions found in raw_data_6_11/per_repository/Jedisjeux Jedisjeux/step_definitions.json
2025-10-06 03:58:02,195 - DEBUG - Processing repo: qgrid ng2
2025-10-06 03:58:02,195 - ERROR - No step_definitions found in raw_data_6_11/per_repository/qgrid ng2/step_definitions.json
2025-10-06 03:58:02,195 - DEBUG - Processing repo: elct9620 mruby-go
2025-10-06 03:58:02,195 - ERROR - No step_definitions found in raw_data_6_11/per_repository/elct9620 mruby-go/step_definitions.json
2025-10-06 03:58:02,195 - DEBUG - Processing repo: inukshuk citeproc
2025-10-06 03:58:02,195 - DEBUG - Wrote sanitized step_definitions for repo inukshuk citeproc to few_shot/dataset/all_languages/inukshuk citeproc/step_definitions.json
2025-10-06 03:58:02,195 - DEBUG - Processing repo: bcgov jag-lcrb-carla-public
2025-10-06 03:58:02,195 - ERROR - No step_definitions found in raw_data_6_11/per_repository/bcgov jag-lcrb-carla-public/step_definitions.json
2025-10-06 03:58:02,195 - DEBUG - Processing repo: SpecBind specbind
2025-10-06 03:58:02,195 - ERROR - No step_definitions found in raw_data_6_11/per_repository/SpecBind specbind/step_definitions.json
2025-10-06 03:58:02,195 - DEBUG - Processing repo: aws-amplify amplify-ui
2025-10-06 03:58:02,195 - ERROR - No step_definitions found in raw_data_6_11/per_repository/aws-amplify amplify-ui/step_definitions.json
2025-10-06 03:58:02,196 - DEBUG - Processing repo: oroinc platform
2025-10-06 03:58:02,196 - ERROR - No step_definitions found in raw_data_6_11/per_repository/oroinc platform/step_definitions.json
2025-10-06 03:58:02,196 - DEBUG - Processing repo: Vardot varbase
2025-10-06 03:58:02,196 - ERROR - No step_definitions found in raw_data_6_11/per_repository/Vardot varbase/step_definitions.json
2025-10-06 03:58:02,196 - DEBUG - Processing repo: aws aws-sdk-ruby
2025-10-06 03:58:02,196 - ERROR - No step_definitions found in raw_data_6_11/per_repository/aws aws-sdk-ruby/step_definitions.json
2025-10-06 03:58:02,196 - DEBUG - Processing repo: noosfero noosfero
2025-10-06 03:58:02,196 - ERROR - No step_definitions found in raw_data_6_11/per_repository/noosfero noosfero/step_definitions.json
2025-10-06 03:58:02,196 - DEBUG - Processing repo: owncloud ocis
2025-10-06 03:58:02,196 - ERROR - No step_definitions found in raw_data_6_11/per_repository/owncloud ocis/step_definitions.json
2025-10-06 03:58:02,196 - DEBUG - Processing repo: FalkorDB FalkorDB
2025-10-06 03:58:02,196 - ERROR - No step_definitions found in raw_data_6_11/per_repository/FalkorDB FalkorDB/step_definitions.json
2025-10-06 03:58:02,196 - DEBUG - Processing repo: openshift console
2025-10-06 03:58:02,196 - ERROR - No step_definitions found in raw_data_6_11/per_repository/openshift console/step_definitions.json
2025-10-06 03:58:02,196 - DEBUG - Processing repo: resthub springmvc-router
2025-10-06 03:58:02,197 - DEBUG - Wrote sanitized step_definitions for repo resthub springmvc-router to few_shot/dataset/all_languages/resthub springmvc-router/step_definitions.json
2025-10-06 03:58:02,197 - DEBUG - Processing repo: keygen-sh keygen-api
2025-10-06 03:58:02,202 - DEBUG - Wrote sanitized step_definitions for repo keygen-sh keygen-api to few_shot/dataset/all_languages/keygen-sh keygen-api/step_definitions.json
2025-10-06 03:58:02,202 - DEBUG - Processing repo: behave behave
2025-10-06 03:58:02,205 - DEBUG - Wrote sanitized step_definitions for repo behave behave to few_shot/dataset/all_languages/behave behave/step_definitions.json
2025-10-06 03:58:02,205 - DEBUG - Processing repo: TheKiddos faith
2025-10-06 03:58:02,207 - DEBUG - Wrote sanitized step_definitions for repo TheKiddos faith to few_shot/dataset/all_languages/TheKiddos faith/step_definitions.json
2025-10-06 03:58:02,207 - DEBUG - Processing repo: wp-cli doctor-command
2025-10-06 03:58:02,207 - ERROR - No step_definitions found in raw_data_6_11/per_repository/wp-cli doctor-command/step_definitions.json
2025-10-06 03:58:02,207 - DEBUG - Processing repo: 3scale porta
2025-10-06 03:58:02,207 - ERROR - No step_definitions found in raw_data_6_11/per_repository/3scale porta/step_definitions.json
2025-10-06 03:58:02,207 - DEBUG - Processing repo: trema pio
2025-10-06 03:58:02,207 - ERROR - No step_definitions found in raw_data_6_11/per_repository/trema pio/step_definitions.json
2025-10-06 03:58:02,207 - DEBUG - Processing repo: enkessler cuke_linter
2025-10-06 03:58:02,210 - DEBUG - Wrote sanitized step_definitions for repo enkessler cuke_linter to few_shot/dataset/all_languages/enkessler cuke_linter/step_definitions.json
2025-10-06 03:58:02,210 - DEBUG - Processing repo: cucumber cucumber-ruby
2025-10-06 03:58:02,210 - ERROR - No step_definitions found in raw_data_6_11/per_repository/cucumber cucumber-ruby/step_definitions.json
2025-10-06 03:58:02,210 - DEBUG - Processing repo: DFE-Digital schools-experience
2025-10-06 03:58:02,210 - ERROR - No step_definitions found in raw_data_6_11/per_repository/DFE-Digital schools-experience/step_definitions.json
2025-10-06 03:58:02,210 - DEBUG - Processing repo: gigascience gigadb-website
2025-10-06 03:58:02,210 - ERROR - No step_definitions found in raw_data_6_11/per_repository/gigascience gigadb-website/step_definitions.json
2025-10-06 03:58:02,210 - DEBUG - Processing repo: jdi-testing jdi-light
2025-10-06 03:58:02,214 - DEBUG - Wrote sanitized step_definitions for repo jdi-testing jdi-light to few_shot/dataset/all_languages/jdi-testing jdi-light/step_definitions.json
2025-10-06 03:58:02,214 - DEBUG - Processing repo: parti-renaissance espace-adherent
2025-10-06 03:58:02,214 - ERROR - No step_definitions found in raw_data_6_11/per_repository/parti-renaissance espace-adherent/step_definitions.json
2025-10-06 03:58:02,214 - DEBUG - Processing repo: leshill mongodoc
2025-10-06 03:58:02,216 - DEBUG - Wrote sanitized step_definitions for repo leshill mongodoc to few_shot/dataset/all_languages/leshill mongodoc/step_definitions.json
2025-10-06 03:58:02,216 - DEBUG - Processing repo: visallo vertexium
2025-10-06 03:58:02,216 - DEBUG - Wrote sanitized step_definitions for repo visallo vertexium to few_shot/dataset/all_languages/visallo vertexium/step_definitions.json
2025-10-06 03:58:02,216 - DEBUG - Processing repo: open-sdg open-sdg
2025-10-06 03:58:02,216 - ERROR - No step_definitions found in raw_data_6_11/per_repository/open-sdg open-sdg/step_definitions.json
2025-10-06 03:58:02,216 - DEBUG - Processing repo: irontec ivozprovider
2025-10-06 03:58:02,216 - ERROR - No step_definitions found in raw_data_6_11/per_repository/irontec ivozprovider/step_definitions.json
2025-10-06 03:58:02,216 - DEBUG - Processing repo: cyberark conjur
2025-10-06 03:58:02,223 - DEBUG - Wrote sanitized step_definitions for repo cyberark conjur to few_shot/dataset/all_languages/cyberark conjur/step_definitions.json
2025-10-06 03:58:02,223 - DEBUG - Processing repo: scrum-for-developers worblehat-youtube
2025-10-06 03:58:02,224 - DEBUG - Wrote sanitized step_definitions for repo scrum-for-developers worblehat-youtube to few_shot/dataset/all_languages/scrum-for-developers worblehat-youtube/step_definitions.json
2025-10-06 03:58:02,224 - DEBUG - Processing repo: otwcode otwarchive
2025-10-06 03:58:02,247 - DEBUG - Wrote sanitized step_definitions for repo otwcode otwarchive to few_shot/dataset/all_languages/otwcode otwarchive/step_definitions.json
2025-10-06 03:58:02,247 - DEBUG - Processing repo: chinhnguyen clean-starter
2025-10-06 03:58:02,248 - ERROR - No step_definitions found in raw_data_6_11/per_repository/chinhnguyen clean-starter/step_definitions.json
2025-10-06 03:58:02,248 - DEBUG - Processing repo: racodond sonar-gherkin-plugin
2025-10-06 03:58:02,248 - ERROR - No step_definitions found in raw_data_6_11/per_repository/racodond sonar-gherkin-plugin/step_definitions.json
2025-10-06 03:58:02,248 - DEBUG - Processing repo: opinionated-digital-center pyadr
2025-10-06 03:58:02,248 - DEBUG - Wrote sanitized step_definitions for repo opinionated-digital-center pyadr to few_shot/dataset/all_languages/opinionated-digital-center pyadr/step_definitions.json
2025-10-06 03:58:02,248 - DEBUG - Processing repo: theodi open-data-certificate
2025-10-06 03:58:02,248 - ERROR - No step_definitions found in raw_data_6_11/per_repository/theodi open-data-certificate/step_definitions.json
2025-10-06 03:58:02,248 - DEBUG - Processing repo: 7ep demo
2025-10-06 03:58:02,250 - DEBUG - Wrote sanitized step_definitions for repo 7ep demo to few_shot/dataset/all_languages/7ep demo/step_definitions.json
2025-10-06 03:58:02,250 - DEBUG - Processing repo: test-zeus-ai testzeus-hercules
2025-10-06 03:58:02,250 - ERROR - No step_definitions found in raw_data_6_11/per_repository/test-zeus-ai testzeus-hercules/step_definitions.json
2025-10-06 03:58:02,250 - DEBUG - Processing repo: avdgaag typogruby
2025-10-06 03:58:02,250 - ERROR - No step_definitions found in raw_data_6_11/per_repository/avdgaag typogruby/step_definitions.json
2025-10-06 03:58:02,250 - DEBUG - Processing repo: owncloud core
2025-10-06 03:58:02,251 - ERROR - No step_definitions found in raw_data_6_11/per_repository/owncloud core/step_definitions.json
2025-10-06 03:58:02,251 - DEBUG - Processing repo: KRMAssociatesInc eHMP
2025-10-06 03:58:02,251 - ERROR - No step_definitions found in raw_data_6_11/per_repository/KRMAssociatesInc eHMP/step_definitions.json
2025-10-06 03:58:02,251 - DEBUG - Processing repo: wp-cli wp-cli
2025-10-06 03:58:02,251 - ERROR - No step_definitions found in raw_data_6_11/per_repository/wp-cli wp-cli/step_definitions.json
2025-10-06 03:58:02,251 - DEBUG - Processing repo: Sylius Sylius
2025-10-06 03:58:02,251 - ERROR - No step_definitions found in raw_data_6_11/per_repository/Sylius Sylius/step_definitions.json
2025-10-06 03:58:02,251 - DEBUG - Processing repo: opencloud-eu opencloud
2025-10-06 03:58:02,251 - ERROR - No step_definitions found in raw_data_6_11/per_repository/opencloud-eu opencloud/step_definitions.json
2025-10-06 03:58:02,251 - DEBUG - Processing repo: opensalt opensalt
2025-10-06 03:58:02,251 - ERROR - No step_definitions found in raw_data_6_11/per_repository/opensalt opensalt/step_definitions.json
2025-10-06 03:58:02,251 - DEBUG - Processing repo: peteri Ansi-Cat
2025-10-06 03:58:02,251 - ERROR - No step_definitions found in raw_data_6_11/per_repository/peteri Ansi-Cat/step_definitions.json
2025-10-06 03:58:02,251 - DEBUG - Processing repo: martinpiper BDD6502
2025-10-06 03:58:02,255 - DEBUG - Wrote sanitized step_definitions for repo martinpiper BDD6502 to few_shot/dataset/all_languages/martinpiper BDD6502/step_definitions.json
2025-10-06 03:58:02,255 - DEBUG - Processing repo: awesomefoundation awesomebits
2025-10-06 03:58:02,255 - ERROR - No step_definitions found in raw_data_6_11/per_repository/awesomefoundation awesomebits/step_definitions.json
2025-10-06 03:58:02,255 - DEBUG - Processing repo: Coevery Coevery
2025-10-06 03:58:02,255 - ERROR - No step_definitions found in raw_data_6_11/per_repository/Coevery Coevery/step_definitions.json
2025-10-06 03:58:02,255 - DEBUG - Processing repo: moodlehq moodleapp
2025-10-06 03:58:02,255 - ERROR - No step_definitions found in raw_data_6_11/per_repository/moodlehq moodleapp/step_definitions.json
2025-10-06 03:58:02,255 - DEBUG - Processing repo: superfluid-org superfluid-explorer
2025-10-06 03:58:02,255 - ERROR - No step_definitions found in raw_data_6_11/per_repository/superfluid-org superfluid-explorer/step_definitions.json
2025-10-06 03:58:02,255 - DEBUG - Processing repo: vegaprotocol vega
2025-10-06 03:58:02,255 - ERROR - No step_definitions found in raw_data_6_11/per_repository/vegaprotocol vega/step_definitions.json
2025-10-06 03:58:02,255 - DEBUG - Processing repo: afup web
2025-10-06 03:58:02,255 - ERROR - No step_definitions found in raw_data_6_11/per_repository/afup web/step_definitions.json
2025-10-06 03:58:02,255 - DEBUG - Processing repo: rosshamish catanlog
2025-10-06 03:58:02,256 - DEBUG - Wrote sanitized step_definitions for repo rosshamish catanlog to few_shot/dataset/all_languages/rosshamish catanlog/step_definitions.json
2025-10-06 03:58:02,256 - DEBUG - Processing repo: dediagency sylius-seo-plugin
2025-10-06 03:58:02,256 - ERROR - No step_definitions found in raw_data_6_11/per_repository/dediagency sylius-seo-plugin/step_definitions.json
2025-10-06 03:58:02,256 - DEBUG - Processing repo: johnmendonca sinatra-doorman
2025-10-06 03:58:02,258 - DEBUG - Wrote sanitized step_definitions for repo johnmendonca sinatra-doorman to few_shot/dataset/all_languages/johnmendonca sinatra-doorman/step_definitions.json
2025-10-06 03:58:02,258 - DEBUG - Processing repo: pzavolinsky ts-unused-exports
2025-10-06 03:58:02,258 - ERROR - No step_definitions found in raw_data_6_11/per_repository/pzavolinsky ts-unused-exports/step_definitions.json
2025-10-06 03:58:02,258 - DEBUG - Processing repo: Eveneum Eveneum
2025-10-06 03:58:02,258 - ERROR - No step_definitions found in raw_data_6_11/per_repository/Eveneum Eveneum/step_definitions.json
2025-10-06 03:58:02,258 - DEBUG - Processing repo: DarkmiraTour community-event-manager
2025-10-06 03:58:02,258 - ERROR - No step_definitions found in raw_data_6_11/per_repository/DarkmiraTour community-event-manager/step_definitions.json
2025-10-06 03:58:02,258 - DEBUG - Processing repo: cross-solution YAWIK
2025-10-06 03:58:02,258 - ERROR - No step_definitions found in raw_data_6_11/per_repository/cross-solution YAWIK/step_definitions.json
2025-10-06 03:58:02,258 - DEBUG - Processing repo: open-lms-open-source moodle-theme_snap
2025-10-06 03:58:02,258 - ERROR - No step_definitions found in raw_data_6_11/per_repository/open-lms-open-source moodle-theme_snap/step_definitions.json
2025-10-06 03:58:02,258 - DEBUG - Processing repo: 12meses12katas Agosto-Minesweeper
2025-10-06 03:58:02,258 - ERROR - No step_definitions found in raw_data_6_11/per_repository/12meses12katas Agosto-Minesweeper/step_definitions.json
2025-10-06 03:58:02,258 - DEBUG - Processing repo: akeneo pim-community-dev
2025-10-06 03:58:02,258 - ERROR - No step_definitions found in raw_data_6_11/per_repository/akeneo pim-community-dev/step_definitions.json
2025-10-06 03:58:02,258 - DEBUG - Processing repo: nasa cmr-opensearch
2025-10-06 03:58:02,261 - DEBUG - Wrote sanitized step_definitions for repo nasa cmr-opensearch to few_shot/dataset/all_languages/nasa cmr-opensearch/step_definitions.json
2025-10-06 03:58:02,261 - DEBUG - Processing repo: sroze companienv
2025-10-06 03:58:02,261 - ERROR - No step_definitions found in raw_data_6_11/per_repository/sroze companienv/step_definitions.json
2025-10-06 03:58:02,261 - DEBUG - Processing repo: corvus-dotnet Corvus.JsonSchema
2025-10-06 03:58:02,261 - ERROR - No step_definitions found in raw_data_6_11/per_repository/corvus-dotnet Corvus.JsonSchema/step_definitions.json
2025-10-06 03:58:02,261 - DEBUG - Processing repo: rahulrathore44 KarateFrameworkTutorial
2025-10-06 03:58:02,261 - ERROR - No step_definitions found in raw_data_6_11/per_repository/rahulrathore44 KarateFrameworkTutorial/step_definitions.json
2025-10-06 03:58:02,261 - DEBUG - Processing repo: Vanguard-oss behave-asl
2025-10-06 03:58:02,261 - ERROR - No step_definitions found in raw_data_6_11/per_repository/Vanguard-oss behave-asl/step_definitions.json
2025-10-06 03:58:02,261 - DEBUG - Processing repo: stepmania stepmania-site
2025-10-06 03:58:02,261 - ERROR - No step_definitions found in raw_data_6_11/per_repository/stepmania stepmania-site/step_definitions.json
2025-10-06 03:58:02,261 - DEBUG - Processing repo: oroinc orocommerce
2025-10-06 03:58:02,261 - ERROR - No step_definitions found in raw_data_6_11/per_repository/oroinc orocommerce/step_definitions.json
2025-10-06 03:58:02,261 - DEBUG - Processing repo: scality Zenko
2025-10-06 03:58:02,261 - ERROR - No step_definitions found in raw_data_6_11/per_repository/scality Zenko/step_definitions.json
2025-10-06 03:58:02,261 - DEBUG - Processing repo: apache tinkerpop
2025-10-06 03:58:02,262 - DEBUG - Wrote sanitized step_definitions for repo apache tinkerpop to few_shot/dataset/all_languages/apache tinkerpop/step_definitions.json
2025-10-06 03:58:02,262 - DEBUG - Processing repo: pantheon-systems terminus
2025-10-06 03:58:02,262 - ERROR - No step_definitions found in raw_data_6_11/per_repository/pantheon-systems terminus/step_definitions.json
2025-10-06 03:58:02,262 - DEBUG - Processing repo: Xe when-then-zen
2025-10-06 03:58:02,262 - ERROR - No step_definitions found in raw_data_6_11/per_repository/Xe when-then-zen/step_definitions.json
2025-10-06 03:58:02,262 - DEBUG - Processing repo: partcad partcad
2025-10-06 03:58:02,263 - DEBUG - Wrote sanitized step_definitions for repo partcad partcad to few_shot/dataset/all_languages/partcad partcad/step_definitions.json
2025-10-06 03:58:02,263 - DEBUG - Processing repo: Samfundet Samfundet
2025-10-06 03:58:02,263 - ERROR - No step_definitions found in raw_data_6_11/per_repository/Samfundet Samfundet/step_definitions.json
2025-10-06 03:58:02,264 - DEBUG - Processing repo: continuouspipe continuouspipe
2025-10-06 03:58:02,264 - DEBUG - Wrote sanitized step_definitions for repo continuouspipe continuouspipe to few_shot/dataset/all_languages/continuouspipe continuouspipe/step_definitions.json
2025-10-06 03:58:02,264 - DEBUG - Processing repo: padawan-php padawan.php
2025-10-06 03:58:02,264 - ERROR - No step_definitions found in raw_data_6_11/per_repository/padawan-php padawan.php/step_definitions.json
2025-10-06 03:58:02,264 - DEBUG - Processing repo: AgileVentures WebsiteOne
2025-10-06 03:58:02,274 - DEBUG - Wrote sanitized step_definitions for repo AgileVentures WebsiteOne to few_shot/dataset/all_languages/AgileVentures WebsiteOne/step_definitions.json
2025-10-06 03:58:02,274 - DEBUG - Processing repo: actiontech dble-test-suite
2025-10-06 03:58:02,275 - DEBUG - Wrote sanitized step_definitions for repo actiontech dble-test-suite to few_shot/dataset/all_languages/actiontech dble-test-suite/step_definitions.json
2025-10-06 03:58:02,275 - DEBUG - Processing repo: tkotosz BehatMagento2Extension
2025-10-06 03:58:02,275 - ERROR - No step_definitions found in raw_data_6_11/per_repository/tkotosz BehatMagento2Extension/step_definitions.json
2025-10-06 03:58:02,275 - DEBUG - Processing repo: mattwynne robot_tournament
2025-10-06 03:58:02,275 - ERROR - No step_definitions found in raw_data_6_11/per_repository/mattwynne robot_tournament/step_definitions.json
2025-10-06 03:58:02,275 - DEBUG - Processing repo: eduardcloud aws-ebs-moodle
2025-10-06 03:58:02,275 - ERROR - No step_definitions found in raw_data_6_11/per_repository/eduardcloud aws-ebs-moodle/step_definitions.json
